<?xml version="1.0" encoding="UTF-8"?>
<testng-results skipped="0" failed="0" ignored="0" total="1" passed="1">
  <reporter-output>
  </reporter-output>
  <suite name="Default suite" duration-ms="119" started-at="2017-02-12T06:37:12Z" finished-at="2017-02-12T06:37:12Z">
    <groups>
    </groups>
    <test name="Default test" duration-ms="119" started-at="2017-02-12T06:37:12Z" finished-at="2017-02-12T06:37:12Z">
      <class name="testngprac.A">
        <test-method status="PASS" signature="Bmet()[pri:0, instance:testngprac.A@215be6bb]" name="Bmet" is-config="true" duration-ms="19" started-at="2017-02-12T12:07:12Z" finished-at="2017-02-12T12:07:12Z">
          <reporter-output>
          </reporter-output>
        </test-method> <!-- Bmet -->
        <test-method status="PASS" signature="test()[pri:0, instance:testngprac.A@215be6bb]" name="test" duration-ms="21" started-at="2017-02-12T12:07:12Z" finished-at="2017-02-12T12:07:12Z">
          <reporter-output>
          </reporter-output>
        </test-method> <!-- test -->
        <test-method status="PASS" signature="Amet()[pri:0, instance:testngprac.A@215be6bb]" name="Amet" is-config="true" duration-ms="1" started-at="2017-02-12T12:07:12Z" finished-at="2017-02-12T12:07:12Z">
          <reporter-output>
          </reporter-output>
        </test-method> <!-- Amet -->
      </class> <!-- testngprac.A -->
    </test> <!-- Default test -->
  </suite> <!-- Default suite -->
</testng-results>
